<?xml version="1.0" encoding="UTF-8"?>
<!-- Generated by org.testng.reporters.JUnitReportReporter -->
<testsuite skipped="0" hostname="DESKTOP-645NAMT" name="com.test.qa.testcases.AmazonOrderTest" tests="2" failures="0" timestamp="29 Aug 2021 01:29:40 GMT" time="6.102" errors="0">
  <testcase name="loginPageTitleTest" time="0.255" classname="com.test.qa.testcases.AmazonOrderTest"/>
  <testcase name="enterMobilePhoneOnSearchBoxAndClickEnter" time="5.847" classname="com.test.qa.testcases.AmazonOrderTest"/>
</testsuite> <!-- com.test.qa.testcases.AmazonOrderTest -->
